2019-12-26 22:11:58.430  INFO 12092 --- [restartedMain] com.rhy.ItemServiceApplication           : The following profiles are active: dev
2019-12-26 22:11:58.994  INFO 12092 --- [restartedMain] o.s.cloud.context.scope.GenericScope     : BeanFactory id=1c883dde-92d3-3068-a35a-cd86a73930b7
2019-12-26 22:11:59.067  INFO 12092 --- [restartedMain] trationDelegate$BeanPostProcessorChecker : Bean 'org.springframework.transaction.annotation.ProxyTransactionManagementConfiguration' of type [org.springframework.transaction.annotation.ProxyTransactionManagementConfiguration] is not eligible for getting processed by all BeanPostProcessors (for example: not eligible for auto-proxying)
2019-12-26 22:11:59.085  INFO 12092 --- [restartedMain] trationDelegate$BeanPostProcessorChecker : Bean 'org.springframework.cloud.autoconfigure.ConfigurationPropertiesRebinderAutoConfiguration' of type [org.springframework.cloud.autoconfigure.ConfigurationPropertiesRebinderAutoConfiguration] is not eligible for getting processed by all BeanPostProcessors (for example: not eligible for auto-proxying)
2019-12-26 22:11:59.405  INFO 12092 --- [restartedMain] o.s.b.w.embedded.tomcat.TomcatWebServer  : Tomcat initialized with port(s): 8000 (http)
2019-12-26 22:11:59.412  INFO 12092 --- [restartedMain] o.apache.catalina.core.StandardService   : Starting service [Tomcat]
2019-12-26 22:11:59.412  INFO 12092 --- [restartedMain] org.apache.catalina.core.StandardEngine  : Starting Servlet engine: [Apache Tomcat/9.0.29]
2019-12-26 22:11:59.695  INFO 12092 --- [restartedMain] o.a.c.c.C.[Tomcat].[localhost].[/]       : Initializing Spring embedded WebApplicationContext
2019-12-26 22:11:59.695  INFO 12092 --- [restartedMain] o.s.web.context.ContextLoader            : Root WebApplicationContext: initialization completed in 1253 ms
2019-12-26 22:12:00.854  WARN 12092 --- [restartedMain] c.n.c.sources.URLConfigurationSource     : No URLs will be polled as dynamic configuration sources.
2019-12-26 22:12:00.854  INFO 12092 --- [restartedMain] c.n.c.sources.URLConfigurationSource     : To enable URLs as dynamic configuration sources, define System property archaius.configurationSource.additionalUrls or make config.properties available on classpath.
2019-12-26 22:12:00.857  WARN 12092 --- [restartedMain] c.n.c.sources.URLConfigurationSource     : No URLs will be polled as dynamic configuration sources.
2019-12-26 22:12:00.857  INFO 12092 --- [restartedMain] c.n.c.sources.URLConfigurationSource     : To enable URLs as dynamic configuration sources, define System property archaius.configurationSource.additionalUrls or make config.properties available on classpath.
2019-12-26 22:12:00.957  INFO 12092 --- [restartedMain] o.s.s.concurrent.ThreadPoolTaskExecutor  : Initializing ExecutorService 'applicationTaskExecutor'
2019-12-26 22:12:01.151  INFO 12092 --- [restartedMain] o.s.b.d.a.OptionalLiveReloadServer       : LiveReload server is running on port 35729
2019-12-26 22:12:02.811  INFO 12092 --- [restartedMain] o.s.cloud.commons.util.InetUtils         : Cannot determine local hostname
2019-12-26 22:12:04.479  INFO 12092 --- [restartedMain] o.s.cloud.commons.util.InetUtils         : Cannot determine local hostname
2019-12-26 22:12:06.159  INFO 12092 --- [restartedMain] o.s.cloud.commons.util.InetUtils         : Cannot determine local hostname
2019-12-26 22:12:06.175  WARN 12092 --- [restartedMain] ockingLoadBalancerClientRibbonWarnLogger : You already have RibbonLoadBalancerClient on your classpath. It will be used by default. As Spring Cloud Ribbon is in maintenance mode. We recommend switching to BlockingLoadBalancerClient instead. In order to use it, set the value of `spring.cloud.loadbalancer.ribbon.enabled` to `false` or remove spring-cloud-starter-netflix-ribbon from your project.
2019-12-26 22:12:06.202  WARN 12092 --- [restartedMain] iguration$LoadBalancerCaffeineWarnLogger : Spring Cloud LoadBalancer is currently working with default default cache. You can switch to using Caffeine cache, by adding it to the classpath.
2019-12-26 22:12:06.273  INFO 12092 --- [restartedMain] o.s.c.n.eureka.InstanceInfoFactory       : Setting initial instance status as: STARTING
2019-12-26 22:12:06.298  INFO 12092 --- [restartedMain] com.netflix.discovery.DiscoveryClient    : Initializing Eureka in region us-east-1
2019-12-26 22:12:06.943  INFO 12092 --- [restartedMain] c.n.d.provider.DiscoveryJerseyProvider   : Using JSON encoding codec LegacyJacksonJson
2019-12-26 22:12:06.944  INFO 12092 --- [restartedMain] c.n.d.provider.DiscoveryJerseyProvider   : Using JSON decoding codec LegacyJacksonJson
2019-12-26 22:12:07.024  INFO 12092 --- [restartedMain] c.n.d.provider.DiscoveryJerseyProvider   : Using XML encoding codec XStreamXml
2019-12-26 22:12:07.024  INFO 12092 --- [restartedMain] c.n.d.provider.DiscoveryJerseyProvider   : Using XML decoding codec XStreamXml
2019-12-26 22:12:07.152  INFO 12092 --- [restartedMain] c.n.d.s.r.aws.ConfigClusterResolver      : Resolving eureka endpoints via configuration
2019-12-26 22:12:07.650  INFO 12092 --- [restartedMain] com.netflix.discovery.DiscoveryClient    : Disable delta property : false
2019-12-26 22:12:07.651  INFO 12092 --- [restartedMain] com.netflix.discovery.DiscoveryClient    : Single vip registry refresh property : null
2019-12-26 22:12:07.651  INFO 12092 --- [restartedMain] com.netflix.discovery.DiscoveryClient    : Force full registry fetch : false
2019-12-26 22:12:07.651  INFO 12092 --- [restartedMain] com.netflix.discovery.DiscoveryClient    : Application is null : false
2019-12-26 22:12:07.651  INFO 12092 --- [restartedMain] com.netflix.discovery.DiscoveryClient    : Registered Applications size is zero : true
2019-12-26 22:12:07.651  INFO 12092 --- [restartedMain] com.netflix.discovery.DiscoveryClient    : Application version is -1: true
2019-12-26 22:12:07.651  INFO 12092 --- [restartedMain] com.netflix.discovery.DiscoveryClient    : Getting all instance registry info from the eureka server
2019-12-26 22:12:07.752  INFO 12092 --- [restartedMain] com.netflix.discovery.DiscoveryClient    : The response status is 200
2019-12-26 22:12:07.753  INFO 12092 --- [restartedMain] com.netflix.discovery.DiscoveryClient    : Starting heartbeat executor: renew interval is: 5
2019-12-26 22:12:07.755  INFO 12092 --- [restartedMain] c.n.discovery.InstanceInfoReplicator     : InstanceInfoReplicator onDemand update allowed rate per min is 4
2019-12-26 22:12:07.758  INFO 12092 --- [restartedMain] com.netflix.discovery.DiscoveryClient    : Discovery Client initialized at timestamp 1577369527757 with initial instances count: 2
2019-12-26 22:12:07.759  INFO 12092 --- [restartedMain] o.s.c.n.e.s.EurekaServiceRegistry        : Registering application ITEM-SERVICE with eureka with status UP
2019-12-26 22:12:07.759  INFO 12092 --- [restartedMain] com.netflix.discovery.DiscoveryClient    : Saw local status change event StatusChangeEvent [timestamp=1577369527759, current=UP, previous=STARTING]
2019-12-26 22:12:07.761  INFO 12092 --- [DiscoveryClient-InstanceInfoReplicator-0] com.netflix.discovery.DiscoveryClient    : DiscoveryClient_ITEM-SERVICE/localhost:item-service:8000: registering service...
2019-12-26 22:12:07.812  INFO 12092 --- [DiscoveryClient-InstanceInfoReplicator-0] com.netflix.discovery.DiscoveryClient    : DiscoveryClient_ITEM-SERVICE/localhost:item-service:8000 - registration status: 204
2019-12-26 22:12:07.813  INFO 12092 --- [restartedMain] o.s.b.w.embedded.tomcat.TomcatWebServer  : Tomcat started on port(s): 8000 (http) with context path ''
2019-12-26 22:12:07.814  INFO 12092 --- [restartedMain] .s.c.n.e.s.EurekaAutoServiceRegistration : Updating port to 8000
2019-12-26 22:12:09.595  INFO 12092 --- [restartedMain] o.s.cloud.commons.util.InetUtils         : Cannot determine local hostname
2019-12-26 22:12:09.596  INFO 12092 --- [restartedMain] com.rhy.ItemServiceApplication           : Started ItemServiceApplication in 15.114 seconds (JVM running for 16.333)
2019-12-26 22:12:24.239  INFO 12092 --- [http-nio-8000-exec-1] o.a.c.c.C.[Tomcat].[localhost].[/]       : Initializing Spring DispatcherServlet 'dispatcherServlet'
2019-12-26 22:12:24.239  INFO 12092 --- [http-nio-8000-exec-1] o.s.web.servlet.DispatcherServlet        : Initializing Servlet 'dispatcherServlet'
2019-12-26 22:12:24.244  INFO 12092 --- [http-nio-8000-exec-1] o.s.web.servlet.DispatcherServlet        : Completed initialization in 5 ms
2019-12-26 22:12:24.303  INFO 12092 --- [http-nio-8000-exec-1] com.zaxxer.hikari.HikariDataSource       : HikariPool-1 - Starting...
2019-12-26 22:12:24.459  INFO 12092 --- [http-nio-8000-exec-1] com.zaxxer.hikari.HikariDataSource       : HikariPool-1 - Start completed.
2019-12-26 22:17:07.653  INFO 12092 --- [AsyncResolver-bootstrap-executor-0] c.n.d.s.r.aws.ConfigClusterResolver      : Resolving eureka endpoints via configuration
2019-12-26 22:22:07.654  INFO 12092 --- [AsyncResolver-bootstrap-executor-0] c.n.d.s.r.aws.ConfigClusterResolver      : Resolving eureka endpoints via configuration
2019-12-26 22:27:07.656  INFO 12092 --- [AsyncResolver-bootstrap-executor-0] c.n.d.s.r.aws.ConfigClusterResolver      : Resolving eureka endpoints via configuration
